<?xml version="1.0" encoding="UTF-8"?>
<testng-results ignored="0" total="1" passed="1" failed="0" skipped="0">
  <reporter-output>
  </reporter-output>
  <suite started-at="2022-01-17T16:07:11 IST" name="Default suite" finished-at="2022-01-17T16:07:15 IST" duration-ms="4222">
    <groups>
    </groups>
    <test started-at="2022-01-17T16:07:11 IST" name="Default test" finished-at="2022-01-17T16:07:15 IST" duration-ms="4222">
      <class name="CRUD_with_BDD.Create_Project">
        <test-method signature="create_Project()[pri:0, instance:CRUD_with_BDD.Create_Project@51dcb805]" started-at="2022-01-17T16:07:11 IST" name="create_Project" finished-at="2022-01-17T16:07:15 IST" duration-ms="4143" status="PASS">
          <reporter-output>
          </reporter-output>
        </test-method> <!-- create_Project -->
      </class> <!-- CRUD_with_BDD.Create_Project -->
    </test> <!-- Default test -->
  </suite> <!-- Default suite -->
</testng-results>
